mode: set
golang-intermediate-course-platzi/src/testing/testing.go:3.24,5.2 1 1
golang-intermediate-course-platzi/src/testing/testing.go:7.27,8.11 1 1
golang-intermediate-course-platzi/src/testing/testing.go:8.11,10.3 1 1
golang-intermediate-course-platzi/src/testing/testing.go:11.2,11.10 1 1
golang-intermediate-course-platzi/src/testing/testing.go:14.27,15.12 1 0
golang-intermediate-course-platzi/src/testing/testing.go:15.12,17.3 1 0
golang-intermediate-course-platzi/src/testing/testing.go:19.2,19.40 1 0
